[2017-09-22 14:53:09] local.INFO: array (
  'remote_ip' => '10.10.81.112',
  'remote_port' => 44535,
  'connect_time' => '2017-09-22 14:52:57',
)
[2017-09-22 14:53:09] local.INFO: array (
  'remote_ip' => '10.10.81.112',
  'remote_port' => 44537,
  'connect_time' => '2017-09-22 14:52:57',
)
[2017-09-22 14:53:29] local.INFO: array (
  'remote_ip' => '10.10.81.112',
  'remote_port' => 44541,
  'connect_time' => '2017-09-22 14:53:27',
)
[2017-09-22 14:53:29] local.INFO: array (
  'remote_ip' => '10.10.81.112',
  'remote_port' => 44543,
  'connect_time' => '2017-09-22 14:53:27',
)
[2017-09-22 14:53:29] local.INFO: array (
  'remote_ip' => '127.0.0.1',
  'remote_port' => 27557,
  'connect_time' => '2017-09-22 14:53:27',
)
[2017-09-22 14:53:36] local.WARNING: array (
  'remote_ip' => NULL,
  'remote_port' => NULL,
  'connect_time' => '1970-01-01 08:00:00',
  'message' => '错误请求消息',
)
[2017-09-22 14:56:38] local.INFO: array (
  'remote_ip' => '127.0.0.1',
  'remote_port' => 27623,
  'connect_time' => '2017-09-22 14:56:36',
)
[2017-09-22 14:58:35] local.INFO: array (
  'remote_ip' => '127.0.0.1',
  'remote_port' => 27630,
  'connect_time' => '2017-09-22 14:58:33',
)
[2017-09-22 14:58:52] local.INFO: array (
  'remote_ip' => '10.10.81.112',
  'remote_port' => 44623,
  'connect_time' => '2017-09-22 14:58:48',
)
[2017-09-22 14:58:52] local.INFO: array (
  'remote_ip' => '10.10.81.112',
  'remote_port' => 44625,
  'connect_time' => '2017-09-22 14:58:48',
)
[2017-09-22 15:01:35] local.INFO: array (
  'remote_ip' => '127.0.0.1',
  'remote_port' => 27638,
  'connect_time' => '2017-09-22 15:01:34',
)
[2017-09-22 15:01:44] local.INFO: array (
  'remote_ip' => '10.10.81.112',
  'remote_port' => 44664,
  'connect_time' => '2017-09-22 15:01:34',
)
[2017-09-22 15:01:45] local.INFO: array (
  'remote_ip' => '10.10.81.112',
  'remote_port' => 44666,
  'connect_time' => '2017-09-22 15:01:34',
)
[2017-09-22 15:02:05] local.INFO: array (
  'remote_ip' => '10.10.81.112',
  'remote_port' => 44673,
  'connect_time' => '2017-09-22 15:02:04',
)
[2017-09-22 15:02:05] local.INFO: array (
  'remote_ip' => '10.10.81.112',
  'remote_port' => 44675,
  'connect_time' => '2017-09-22 15:02:04',
)
[2017-09-22 15:02:22] local.INFO: array (
  'remote_ip' => '127.0.0.1',
  'remote_port' => 27644,
  'connect_time' => '2017-09-22 15:02:19',
)
[2017-09-22 15:02:25] local.INFO: array (
  'remote_ip' => '10.10.81.112',
  'remote_port' => 44676,
  'connect_time' => '2017-09-22 15:02:19',
)
[2017-09-22 15:02:25] local.INFO: array (
  'remote_ip' => '10.10.81.112',
  'remote_port' => 44678,
  'connect_time' => '2017-09-22 15:02:25',
)
[2017-09-22 15:02:45] local.INFO: array (
  'remote_ip' => '127.0.0.1',
  'remote_port' => 27645,
  'connect_time' => '2017-09-22 15:02:34',
)
[2017-09-22 15:02:45] local.INFO: array (
  'remote_ip' => '10.10.81.112',
  'remote_port' => 44682,
  'connect_time' => '2017-09-22 15:02:34',
)
[2017-09-22 15:02:46] local.INFO: array (
  'remote_ip' => '10.10.81.112',
  'remote_port' => 44684,
  'connect_time' => '2017-09-22 15:02:34',
)
[2017-09-22 15:03:06] local.INFO: array (
  'remote_ip' => '10.10.81.112',
  'remote_port' => 44691,
  'connect_time' => '2017-09-22 15:03:04',
)
[2017-09-22 15:03:06] local.INFO: array (
  'remote_ip' => '10.10.81.112',
  'remote_port' => 44693,
  'connect_time' => '2017-09-22 15:03:04',
)
[2017-09-22 15:03:17] local.INFO: array (
  'remote_ip' => '127.0.0.1',
  'remote_port' => 27646,
  'connect_time' => '2017-09-22 15:03:04',
)
[2017-09-22 15:03:26] local.INFO: array (
  'remote_ip' => '10.10.81.112',
  'remote_port' => 44694,
  'connect_time' => '2017-09-22 15:03:19',
)
[2017-09-22 15:03:26] local.INFO: array (
  'remote_ip' => '10.10.81.112',
  'remote_port' => 44696,
  'connect_time' => '2017-09-22 15:03:19',
)
[2017-09-22 15:03:46] local.INFO: array (
  'remote_ip' => '10.10.81.112',
  'remote_port' => 44700,
  'connect_time' => '2017-09-22 15:03:34',
)
[2017-09-22 15:03:47] local.INFO: array (
  'remote_ip' => '10.10.81.112',
  'remote_port' => 44702,
  'connect_time' => '2017-09-22 15:03:34',
)
[2017-09-22 15:04:07] local.INFO: array (
  'remote_ip' => '10.10.81.112',
  'remote_port' => 44708,
  'connect_time' => '2017-09-22 15:04:04',
)
[2017-09-22 15:04:07] local.INFO: array (
  'remote_ip' => '10.10.81.112',
  'remote_port' => 44710,
  'connect_time' => '2017-09-22 15:04:04',
)
[2017-09-22 15:04:24] local.INFO: array (
  'remote_ip' => '127.0.0.1',
  'remote_port' => 27652,
  'connect_time' => '2017-09-22 15:04:22',
)
[2017-09-22 15:04:27] local.INFO: array (
  'remote_ip' => '10.10.81.112',
  'remote_port' => 44712,
  'connect_time' => '2017-09-22 15:04:22',
)
[2017-09-22 15:04:27] local.INFO: array (
  'remote_ip' => '10.10.81.112',
  'remote_port' => 44714,
  'connect_time' => '2017-09-22 15:04:22',
)
[2017-09-22 15:04:48] local.INFO: array (
  'remote_ip' => '10.10.81.112',
  'remote_port' => 44718,
  'connect_time' => '2017-09-22 15:04:37',
)
[2017-09-22 15:04:48] local.INFO: array (
  'remote_ip' => '10.10.81.112',
  'remote_port' => 44720,
  'connect_time' => '2017-09-22 15:04:48',
)
[2017-09-22 15:05:08] local.INFO: array (
  'remote_ip' => '10.10.81.112',
  'remote_port' => 44726,
  'connect_time' => '2017-09-22 15:05:07',
)
[2017-09-22 15:05:08] local.INFO: array (
  'remote_ip' => '10.10.81.112',
  'remote_port' => 44728,
  'connect_time' => '2017-09-22 15:05:07',
)
[2017-09-22 15:05:28] local.INFO: array (
  'remote_ip' => '10.10.81.112',
  'remote_port' => 44730,
  'connect_time' => '2017-09-22 15:05:22',
)
[2017-09-22 15:05:29] local.INFO: array (
  'remote_ip' => '10.10.81.112',
  'remote_port' => 44732,
  'connect_time' => '2017-09-22 15:05:22',
)
[2017-09-22 15:05:49] local.INFO: array (
  'remote_ip' => '10.10.81.112',
  'remote_port' => 44738,
  'connect_time' => '2017-09-22 15:05:37',
)
[2017-09-22 15:05:49] local.INFO: array (
  'remote_ip' => '10.10.81.112',
  'remote_port' => 44740,
  'connect_time' => '2017-09-22 15:05:37',
)
[2017-09-22 15:05:52] local.INFO: array (
  'remote_ip' => '127.0.0.1',
  'remote_port' => 27657,
  'connect_time' => '2017-09-22 15:05:50',
)
[2017-09-22 15:06:09] local.INFO: array (
  'remote_ip' => '10.10.81.112',
  'remote_port' => 44746,
  'connect_time' => '2017-09-22 15:06:05',
)
[2017-09-22 15:06:09] local.INFO: array (
  'remote_ip' => '10.10.81.112',
  'remote_port' => 44748,
  'connect_time' => '2017-09-22 15:06:05',
)
[2017-09-22 15:06:29] local.INFO: array (
  'remote_ip' => '10.10.81.112',
  'remote_port' => 44750,
  'connect_time' => '2017-09-22 15:06:20',
)
[2017-09-22 15:06:29] local.INFO: array (
  'remote_ip' => '10.10.81.112',
  'remote_port' => 44752,
  'connect_time' => '2017-09-22 15:06:20',
)
[2017-09-22 15:06:49] local.INFO: array (
  'remote_ip' => '10.10.81.112',
  'remote_port' => 44756,
  'connect_time' => '2017-09-22 15:06:35',
)
[2017-09-22 15:06:49] local.INFO: array (
  'remote_ip' => '10.10.81.112',
  'remote_port' => 44758,
  'connect_time' => '2017-09-22 15:06:35',
)
[2017-09-22 15:07:04] local.INFO: array (
  'remote_ip' => '127.0.0.1',
  'remote_port' => 27659,
  'connect_time' => '2017-09-22 15:07:02',
)
[2017-09-22 15:07:10] local.INFO: array (
  'remote_ip' => '10.10.81.112',
  'remote_port' => 44762,
  'connect_time' => '2017-09-22 15:07:02',
)
[2017-09-22 15:07:10] local.INFO: array (
  'remote_ip' => '10.10.81.112',
  'remote_port' => 44764,
  'connect_time' => '2017-09-22 15:07:02',
)
[2017-09-22 15:07:30] local.INFO: array (
  'remote_ip' => '10.10.81.112',
  'remote_port' => 44768,
  'connect_time' => '2017-09-22 15:07:17',
)
[2017-09-22 15:07:30] local.INFO: array (
  'remote_ip' => '10.10.81.112',
  'remote_port' => 44770,
  'connect_time' => '2017-09-22 15:07:17',
)
[2017-09-22 15:07:50] local.INFO: array (
  'remote_ip' => '10.10.81.112',
  'remote_port' => 44772,
  'connect_time' => '2017-09-22 15:07:47',
)
[2017-09-22 15:07:51] local.INFO: array (
  'remote_ip' => '10.10.81.112',
  'remote_port' => 44775,
  'connect_time' => '2017-09-22 15:07:47',
)
[2017-09-22 15:08:07] local.INFO: array (
  'remote_ip' => '127.0.0.1',
  'remote_port' => 27663,
  'connect_time' => '2017-09-22 15:08:02',
)
[2017-09-22 15:08:11] local.INFO: array (
  'remote_ip' => '10.10.81.112',
  'remote_port' => 44780,
  'connect_time' => '2017-09-22 15:08:02',
)
[2017-09-22 15:08:11] local.INFO: array (
  'remote_ip' => '10.10.81.112',
  'remote_port' => 44782,
  'connect_time' => '2017-09-22 15:08:02',
)
[2017-09-22 15:08:31] local.INFO: array (
  'remote_ip' => '10.10.81.112',
  'remote_port' => 44786,
  'connect_time' => '2017-09-22 15:08:17',
)
[2017-09-22 15:08:31] local.INFO: array (
  'remote_ip' => '10.10.81.112',
  'remote_port' => 44788,
  'connect_time' => '2017-09-22 15:08:17',
)
[2017-09-22 15:08:51] local.INFO: array (
  'remote_ip' => '10.10.81.112',
  'remote_port' => 44790,
  'connect_time' => '2017-09-22 15:08:47',
)
[2017-09-22 15:08:51] local.INFO: array (
  'remote_ip' => '10.10.81.112',
  'remote_port' => 44792,
  'connect_time' => '2017-09-22 15:08:47',
)
[2017-09-22 15:09:11] local.INFO: array (
  'remote_ip' => '10.10.81.112',
  'remote_port' => 44798,
  'connect_time' => '2017-09-22 15:09:02',
)
[2017-09-22 15:09:11] local.INFO: array (
  'remote_ip' => '10.10.81.112',
  'remote_port' => 44800,
  'connect_time' => '2017-09-22 15:09:02',
)
[2017-09-22 15:09:32] local.INFO: array (
  'remote_ip' => '10.10.81.112',
  'remote_port' => 44804,
  'connect_time' => '2017-09-22 15:09:17',
)
[2017-09-22 15:09:32] local.INFO: array (
  'remote_ip' => '10.10.81.112',
  'remote_port' => 44806,
  'connect_time' => '2017-09-22 15:09:17',
)
[2017-09-22 15:09:52] local.INFO: array (
  'remote_ip' => '10.10.81.112',
  'remote_port' => 44809,
  'connect_time' => '2017-09-22 15:09:52',
)
[2017-09-22 15:09:52] local.INFO: array (
  'remote_ip' => '10.10.81.112',
  'remote_port' => 44811,
  'connect_time' => '2017-09-22 15:09:52',
)
[2017-09-22 15:09:58] local.INFO: array (
  'remote_ip' => '127.0.0.1',
  'remote_port' => 27671,
  'connect_time' => '2017-09-22 15:09:52',
)
[2017-09-22 15:10:13] local.INFO: array (
  'remote_ip' => '10.10.81.112',
  'remote_port' => 44816,
  'connect_time' => '2017-09-22 15:10:07',
)
[2017-09-22 15:10:13] local.INFO: array (
  'remote_ip' => '10.10.81.112',
  'remote_port' => 44818,
  'connect_time' => '2017-09-22 15:10:07',
)
[2017-09-22 15:10:33] local.INFO: array (
  'remote_ip' => '10.10.81.112',
  'remote_port' => 44823,
  'connect_time' => '2017-09-22 15:10:22',
)
[2017-09-22 15:10:34] local.INFO: array (
  'remote_ip' => '10.10.81.112',
  'remote_port' => 44825,
  'connect_time' => '2017-09-22 15:10:22',
)
[2017-09-22 15:10:54] local.INFO: array (
  'remote_ip' => '10.10.81.112',
  'remote_port' => 44828,
  'connect_time' => '2017-09-22 15:10:52',
)
[2017-09-22 15:10:54] local.INFO: array (
  'remote_ip' => '10.10.81.112',
  'remote_port' => 44830,
  'connect_time' => '2017-09-22 15:10:52',
)
[2017-09-22 15:11:14] local.INFO: array (
  'remote_ip' => '10.10.81.112',
  'remote_port' => 44835,
  'connect_time' => '2017-09-22 15:11:07',
)
[2017-09-22 15:11:14] local.INFO: array (
  'remote_ip' => '10.10.81.112',
  'remote_port' => 44837,
  'connect_time' => '2017-09-22 15:11:07',
)
[2017-09-22 15:11:34] local.INFO: array (
  'remote_ip' => '10.10.81.112',
  'remote_port' => 44841,
  'connect_time' => '2017-09-22 15:11:22',
)
[2017-09-22 15:11:34] local.INFO: array (
  'remote_ip' => '10.10.81.112',
  'remote_port' => 44843,
  'connect_time' => '2017-09-22 15:11:22',
)
[2017-09-22 15:11:55] local.INFO: array (
  'remote_ip' => '10.10.81.112',
  'remote_port' => 44846,
  'connect_time' => '2017-09-22 15:11:52',
)
[2017-09-22 15:11:55] local.INFO: array (
  'remote_ip' => '10.10.81.112',
  'remote_port' => 44848,
  'connect_time' => '2017-09-22 15:11:52',
)
[2017-09-22 15:12:15] local.INFO: array (
  'remote_ip' => '10.10.81.112',
  'remote_port' => 44851,
  'connect_time' => '2017-09-22 15:12:07',
)
[2017-09-22 15:12:15] local.INFO: array (
  'remote_ip' => '10.10.81.112',
  'remote_port' => 44853,
  'connect_time' => '2017-09-22 15:12:07',
)
[2017-09-22 15:12:35] local.INFO: array (
  'remote_ip' => '10.10.81.112',
  'remote_port' => 44859,
  'connect_time' => '2017-09-22 15:12:22',
)
[2017-09-22 15:12:35] local.INFO: array (
  'remote_ip' => '10.10.81.112',
  'remote_port' => 44861,
  'connect_time' => '2017-09-22 15:12:22',
)
[2017-09-22 15:12:55] local.INFO: array (
  'remote_ip' => '10.10.81.112',
  'remote_port' => 44863,
  'connect_time' => '2017-09-22 15:12:52',
)
[2017-09-22 15:12:55] local.INFO: array (
  'remote_ip' => '10.10.81.112',
  'remote_port' => 44865,
  'connect_time' => '2017-09-22 15:12:52',
)
[2017-09-22 15:13:15] local.INFO: array (
  'remote_ip' => '10.10.81.112',
  'remote_port' => 44869,
  'connect_time' => '2017-09-22 15:13:07',
)
[2017-09-22 15:13:16] local.INFO: array (
  'remote_ip' => '10.10.81.112',
  'remote_port' => 44871,
  'connect_time' => '2017-09-22 15:13:07',
)
[2017-09-22 15:13:36] local.INFO: array (
  'remote_ip' => '10.10.81.112',
  'remote_port' => 44877,
  'connect_time' => '2017-09-22 15:13:22',
)
[2017-09-22 15:13:36] local.INFO: array (
  'remote_ip' => '10.10.81.112',
  'remote_port' => 44879,
  'connect_time' => '2017-09-22 15:13:22',
)
[2017-09-22 15:13:44] local.INFO: array (
  'remote_ip' => '127.0.0.1',
  'remote_port' => 27679,
  'connect_time' => '2017-09-22 15:13:37',
)
[2017-09-22 15:13:56] local.INFO: array (
  'remote_ip' => '10.10.81.112',
  'remote_port' => 44881,
  'connect_time' => '2017-09-22 15:13:52',
)
[2017-09-22 15:13:56] local.INFO: array (
  'remote_ip' => '10.10.81.112',
  'remote_port' => 44883,
  'connect_time' => '2017-09-22 15:13:52',
)
[2017-09-22 15:14:16] local.INFO: array (
  'remote_ip' => '10.10.81.112',
  'remote_port' => 44888,
  'connect_time' => '2017-09-22 15:14:07',
)
[2017-09-22 15:14:16] local.INFO: array (
  'remote_ip' => '10.10.81.112',
  'remote_port' => 44890,
  'connect_time' => '2017-09-22 15:14:07',
)
[2017-09-22 15:14:32] local.INFO: array (
  'remote_ip' => '127.0.0.1',
  'remote_port' => 27683,
  'connect_time' => '2017-09-22 15:14:29',
)
[2017-09-22 15:14:36] local.INFO: array (
  'remote_ip' => '10.10.81.112',
  'remote_port' => 44895,
  'connect_time' => '2017-09-22 15:14:29',
)
[2017-09-22 15:14:36] local.INFO: array (
  'remote_ip' => '10.10.81.112',
  'remote_port' => 44897,
  'connect_time' => '2017-09-22 15:14:29',
)
[2017-09-22 15:14:57] local.INFO: array (
  'remote_ip' => '10.10.81.112',
  'remote_port' => 44900,
  'connect_time' => '2017-09-22 15:14:44',
)
[2017-09-22 15:14:57] local.INFO: array (
  'remote_ip' => '10.10.81.112',
  'remote_port' => 44902,
  'connect_time' => '2017-09-22 15:14:44',
)
[2017-09-22 15:15:17] local.INFO: array (
  'remote_ip' => '10.10.81.112',
  'remote_port' => 44906,
  'connect_time' => '2017-09-22 15:15:14',
)
[2017-09-22 15:15:17] local.INFO: array (
  'remote_ip' => '10.10.81.112',
  'remote_port' => 44908,
  'connect_time' => '2017-09-22 15:15:14',
)
[2017-09-22 15:15:21] local.INFO: array (
  'remote_ip' => '127.0.0.1',
  'remote_port' => 27686,
  'connect_time' => '2017-09-22 15:15:17',
)
[2017-09-22 15:15:37] local.INFO: array (
  'remote_ip' => '10.10.81.112',
  'remote_port' => 44914,
  'connect_time' => '2017-09-22 15:15:29',
)
[2017-09-22 15:15:38] local.INFO: array (
  'remote_ip' => '10.10.81.112',
  'remote_port' => 44916,
  'connect_time' => '2017-09-22 15:15:29',
)
[2017-09-22 15:15:58] local.INFO: array (
  'remote_ip' => '10.10.81.112',
  'remote_port' => 44919,
  'connect_time' => '2017-09-22 15:15:44',
)
[2017-09-22 15:15:58] local.INFO: array (
  'remote_ip' => '10.10.81.112',
  'remote_port' => 44921,
  'connect_time' => '2017-09-22 15:15:44',
)
[2017-09-22 15:16:18] local.INFO: array (
  'remote_ip' => '10.10.81.112',
  'remote_port' => 44925,
  'connect_time' => '2017-09-22 15:16:14',
)
[2017-09-22 15:16:18] local.INFO: array (
  'remote_ip' => '10.10.81.112',
  'remote_port' => 44927,
  'connect_time' => '2017-09-22 15:16:14',
)
[2017-09-22 15:16:38] local.INFO: array (
  'remote_ip' => '10.10.81.112',
  'remote_port' => 44932,
  'connect_time' => '2017-09-22 15:16:29',
)
[2017-09-22 15:16:38] local.INFO: array (
  'remote_ip' => '10.10.81.112',
  'remote_port' => 44934,
  'connect_time' => '2017-09-22 15:16:29',
)
[2017-09-22 15:16:58] local.INFO: array (
  'remote_ip' => '10.10.81.112',
  'remote_port' => 44937,
  'connect_time' => '2017-09-22 15:16:44',
)
[2017-09-22 15:16:58] local.INFO: array (
  'remote_ip' => '10.10.81.112',
  'remote_port' => 44939,
  'connect_time' => '2017-09-22 15:16:44',
)
[2017-09-22 15:17:19] local.INFO: array (
  'remote_ip' => '10.10.81.112',
  'remote_port' => 44942,
  'connect_time' => '2017-09-22 15:17:14',
)
[2017-09-22 15:17:19] local.INFO: array (
  'remote_ip' => '10.10.81.112',
  'remote_port' => 44944,
  'connect_time' => '2017-09-22 15:17:14',
)
[2017-09-22 15:17:20] local.INFO: array (
  'remote_ip' => '127.0.0.1',
  'remote_port' => 27693,
  'connect_time' => '2017-09-22 15:17:14',
)
[2017-09-22 15:17:39] local.INFO: array (
  'remote_ip' => '10.10.81.112',
  'remote_port' => 44948,
  'connect_time' => '2017-09-22 15:17:29',
)
[2017-09-22 15:17:39] local.INFO: array (
  'remote_ip' => '10.10.81.112',
  'remote_port' => 44950,
  'connect_time' => '2017-09-22 15:17:29',
)
[2017-09-22 15:17:59] local.INFO: array (
  'remote_ip' => '10.10.81.112',
  'remote_port' => 44955,
  'connect_time' => '2017-09-22 15:17:44',
)
[2017-09-22 15:17:59] local.INFO: array (
  'remote_ip' => '10.10.81.112',
  'remote_port' => 44957,
  'connect_time' => '2017-09-22 15:17:59',
)
[2017-09-22 15:18:19] local.INFO: array (
  'remote_ip' => '10.10.81.112',
  'remote_port' => 44960,
  'connect_time' => '2017-09-22 15:18:09',
)
[2017-09-22 15:18:19] local.INFO: array (
  'remote_ip' => '10.10.81.112',
  'remote_port' => 44962,
  'connect_time' => '2017-09-22 15:18:19',
)
[2017-09-22 15:18:39] local.INFO: array (
  'remote_ip' => '10.10.81.112',
  'remote_port' => 44966,
  'connect_time' => '2017-09-22 15:18:39',
)
[2017-09-22 15:18:40] local.INFO: array (
  'remote_ip' => '10.10.81.112',
  'remote_port' => 44968,
  'connect_time' => '2017-09-22 15:18:39',
)
[2017-09-22 15:19:00] local.INFO: array (
  'remote_ip' => '10.10.81.112',
  'remote_port' => 44973,
  'connect_time' => '2017-09-22 15:18:54',
)
[2017-09-22 15:19:00] local.INFO: array (
  'remote_ip' => '10.10.81.112',
  'remote_port' => 44975,
  'connect_time' => '2017-09-22 15:18:54',
)
[2017-09-22 15:19:20] local.INFO: array (
  'remote_ip' => '10.10.81.112',
  'remote_port' => 44977,
  'connect_time' => '2017-09-22 15:19:09',
)
[2017-09-22 15:19:20] local.INFO: array (
  'remote_ip' => '10.10.81.112',
  'remote_port' => 44979,
  'connect_time' => '2017-09-22 15:19:20',
)
[2017-09-22 15:19:40] local.INFO: array (
  'remote_ip' => '10.10.81.112',
  'remote_port' => 44984,
  'connect_time' => '2017-09-22 15:19:39',
)
[2017-09-22 15:19:41] local.INFO: array (
  'remote_ip' => '10.10.81.112',
  'remote_port' => 44986,
  'connect_time' => '2017-09-22 15:19:39',
)
[2017-09-22 15:20:01] local.INFO: array (
  'remote_ip' => '10.10.81.112',
  'remote_port' => 44991,
  'connect_time' => '2017-09-22 15:19:54',
)
[2017-09-22 15:20:01] local.INFO: array (
  'remote_ip' => '10.10.81.112',
  'remote_port' => 44993,
  'connect_time' => '2017-09-22 15:19:54',
)
[2017-09-22 15:20:21] local.INFO: array (
  'remote_ip' => '10.10.81.112',
  'remote_port' => 44995,
  'connect_time' => '2017-09-22 15:20:09',
)
[2017-09-22 15:20:21] local.INFO: array (
  'remote_ip' => '10.10.81.112',
  'remote_port' => 44997,
  'connect_time' => '2017-09-22 15:20:09',
)
[2017-09-22 15:20:41] local.INFO: array (
  'remote_ip' => '10.10.81.112',
  'remote_port' => 45003,
  'connect_time' => '2017-09-22 15:20:39',
)
[2017-09-22 15:20:41] local.INFO: array (
  'remote_ip' => '10.10.81.112',
  'remote_port' => 45005,
  'connect_time' => '2017-09-22 15:20:39',
)
[2017-09-22 15:21:01] local.INFO: array (
  'remote_ip' => '10.10.81.112',
  'remote_port' => 45010,
  'connect_time' => '2017-09-22 15:20:54',
)
[2017-09-22 15:21:02] local.INFO: array (
  'remote_ip' => '10.10.81.112',
  'remote_port' => 45012,
  'connect_time' => '2017-09-22 15:20:54',
)
[2017-09-22 15:21:22] local.INFO: array (
  'remote_ip' => '10.10.81.112',
  'remote_port' => 45014,
  'connect_time' => '2017-09-22 15:21:09',
)
[2017-09-22 15:21:22] local.INFO: array (
  'remote_ip' => '10.10.81.112',
  'remote_port' => 45016,
  'connect_time' => '2017-09-22 15:21:09',
)
[2017-09-22 15:21:42] local.INFO: array (
  'remote_ip' => '10.10.81.112',
  'remote_port' => 45019,
  'connect_time' => '2017-09-22 15:21:37',
)
[2017-09-22 15:21:42] local.INFO: array (
  'remote_ip' => '10.10.81.112',
  'remote_port' => 45021,
  'connect_time' => '2017-09-22 15:21:37',
)
[2017-09-22 15:22:03] local.INFO: array (
  'remote_ip' => '10.10.81.112',
  'remote_port' => 45028,
  'connect_time' => '2017-09-22 15:22:01',
)
[2017-09-22 15:22:03] local.INFO: array (
  'remote_ip' => '10.10.81.112',
  'remote_port' => 45030,
  'connect_time' => '2017-09-22 15:22:01',
)
[2017-09-22 15:22:23] local.INFO: array (
  'remote_ip' => '10.10.81.112',
  'remote_port' => 45031,
  'connect_time' => '2017-09-22 15:22:16',
)
[2017-09-22 15:22:23] local.INFO: array (
  'remote_ip' => '10.10.81.112',
  'remote_port' => 45033,
  'connect_time' => '2017-09-22 15:22:16',
)
[2017-09-22 15:22:43] local.INFO: array (
  'remote_ip' => '10.10.81.112',
  'remote_port' => 45037,
  'connect_time' => '2017-09-22 15:22:31',
)
[2017-09-22 15:22:44] local.INFO: array (
  'remote_ip' => '10.10.81.112',
  'remote_port' => 45039,
  'connect_time' => '2017-09-22 15:22:31',
)
[2017-09-22 15:23:04] local.INFO: array (
  'remote_ip' => '10.10.81.112',
  'remote_port' => 45046,
  'connect_time' => '2017-09-22 15:23:01',
)
[2017-09-22 15:23:04] local.INFO: array (
  'remote_ip' => '10.10.81.112',
  'remote_port' => 45048,
  'connect_time' => '2017-09-22 15:23:01',
)
[2017-09-22 15:23:24] local.INFO: array (
  'remote_ip' => '10.10.81.112',
  'remote_port' => 45049,
  'connect_time' => '2017-09-22 15:23:16',
)
[2017-09-22 15:23:24] local.INFO: array (
  'remote_ip' => '10.10.81.112',
  'remote_port' => 45051,
  'connect_time' => '2017-09-22 15:23:16',
)
[2017-09-22 15:23:44] local.INFO: array (
  'remote_ip' => '10.10.81.112',
  'remote_port' => 45055,
  'connect_time' => '2017-09-22 15:23:31',
)
[2017-09-22 15:23:44] local.INFO: array (
  'remote_ip' => '10.10.81.112',
  'remote_port' => 45057,
  'connect_time' => '2017-09-22 15:23:31',
)
[2017-09-22 15:24:04] local.INFO: array (
  'remote_ip' => '10.10.81.112',
  'remote_port' => 45064,
  'connect_time' => '2017-09-22 15:24:01',
)
[2017-09-22 15:24:04] local.INFO: array (
  'remote_ip' => '10.10.81.112',
  'remote_port' => 45066,
  'connect_time' => '2017-09-22 15:24:01',
)
[2017-09-22 15:24:25] local.INFO: array (
  'remote_ip' => '10.10.81.112',
  'remote_port' => 45067,
  'connect_time' => '2017-09-22 15:24:16',
)
[2017-09-22 15:24:25] local.INFO: array (
  'remote_ip' => '10.10.81.112',
  'remote_port' => 45069,
  'connect_time' => '2017-09-22 15:24:16',
)
[2017-09-22 15:24:45] local.INFO: array (
  'remote_ip' => '10.10.81.112',
  'remote_port' => 45073,
  'connect_time' => '2017-09-22 15:24:31',
)
[2017-09-22 15:24:45] local.INFO: array (
  'remote_ip' => '10.10.81.112',
  'remote_port' => 45075,
  'connect_time' => '2017-09-22 15:24:31',
)
[2017-09-22 15:25:06] local.INFO: array (
  'remote_ip' => '10.10.81.112',
  'remote_port' => 45081,
  'connect_time' => '2017-09-22 15:25:01',
)
[2017-09-22 15:25:06] local.INFO: array (
  'remote_ip' => '10.10.81.112',
  'remote_port' => 45083,
  'connect_time' => '2017-09-22 15:25:01',
)
[2017-09-22 15:25:26] local.INFO: array (
  'remote_ip' => '10.10.81.112',
  'remote_port' => 45085,
  'connect_time' => '2017-09-22 15:25:16',
)
[2017-09-22 15:25:26] local.INFO: array (
  'remote_ip' => '10.10.81.112',
  'remote_port' => 45087,
  'connect_time' => '2017-09-22 15:25:16',
)
[2017-09-22 15:25:46] local.INFO: array (
  'remote_ip' => '10.10.81.112',
  'remote_port' => 45092,
  'connect_time' => '2017-09-22 15:25:46',
)
[2017-09-22 15:25:46] local.INFO: array (
  'remote_ip' => '10.10.81.112',
  'remote_port' => 45094,
  'connect_time' => '2017-09-22 15:25:46',
)
[2017-09-22 15:26:06] local.INFO: array (
  'remote_ip' => '10.10.81.112',
  'remote_port' => 45100,
  'connect_time' => '2017-09-22 15:26:01',
)
[2017-09-22 15:26:06] local.INFO: array (
  'remote_ip' => '10.10.81.112',
  'remote_port' => 45102,
  'connect_time' => '2017-09-22 15:26:01',
)
[2017-09-22 15:26:26] local.INFO: array (
  'remote_ip' => '10.10.81.112',
  'remote_port' => 45104,
  'connect_time' => '2017-09-22 15:26:16',
)
[2017-09-22 15:26:27] local.INFO: array (
  'remote_ip' => '10.10.81.112',
  'remote_port' => 45106,
  'connect_time' => '2017-09-22 15:26:16',
)
[2017-09-22 15:26:47] local.INFO: array (
  'remote_ip' => '10.10.81.112',
  'remote_port' => 45110,
  'connect_time' => '2017-09-22 15:26:46',
)
[2017-09-22 15:26:47] local.INFO: array (
  'remote_ip' => '10.10.81.112',
  'remote_port' => 45112,
  'connect_time' => '2017-09-22 15:26:46',
)
[2017-09-22 15:27:07] local.INFO: array (
  'remote_ip' => '10.10.81.112',
  'remote_port' => 45117,
  'connect_time' => '2017-09-22 15:27:01',
)
[2017-09-22 15:27:07] local.INFO: array (
  'remote_ip' => '10.10.81.112',
  'remote_port' => 45119,
  'connect_time' => '2017-09-22 15:27:01',
)
[2017-09-22 15:27:28] local.INFO: array (
  'remote_ip' => '10.10.81.112',
  'remote_port' => 45122,
  'connect_time' => '2017-09-22 15:27:16',
)
[2017-09-22 15:27:28] local.INFO: array (
  'remote_ip' => '10.10.81.112',
  'remote_port' => 45124,
  'connect_time' => '2017-09-22 15:27:28',
)
[2017-09-22 15:27:48] local.INFO: array (
  'remote_ip' => '10.10.81.112',
  'remote_port' => 45127,
  'connect_time' => '2017-09-22 15:27:46',
)
[2017-09-22 15:27:48] local.INFO: array (
  'remote_ip' => '10.10.81.112',
  'remote_port' => 45129,
  'connect_time' => '2017-09-22 15:27:46',
)
[2017-09-22 15:28:08] local.INFO: array (
  'remote_ip' => '10.10.81.112',
  'remote_port' => 45134,
  'connect_time' => '2017-09-22 15:28:01',
)
[2017-09-22 15:28:09] local.INFO: array (
  'remote_ip' => '10.10.81.112',
  'remote_port' => 45136,
  'connect_time' => '2017-09-22 15:28:01',
)
[2017-09-22 15:28:29] local.INFO: array (
  'remote_ip' => '10.10.81.112',
  'remote_port' => 45140,
  'connect_time' => '2017-09-22 15:28:16',
)
[2017-09-22 15:28:29] local.INFO: array (
  'remote_ip' => '10.10.81.112',
  'remote_port' => 45142,
  'connect_time' => '2017-09-22 15:28:16',
)
[2017-09-22 15:28:49] local.INFO: array (
  'remote_ip' => '10.10.81.112',
  'remote_port' => 45144,
  'connect_time' => '2017-09-22 15:28:46',
)
[2017-09-22 15:28:50] local.INFO: array (
  'remote_ip' => '10.10.81.112',
  'remote_port' => 45147,
  'connect_time' => '2017-09-22 15:28:46',
)
[2017-09-22 15:29:10] local.INFO: array (
  'remote_ip' => '10.10.81.112',
  'remote_port' => 45152,
  'connect_time' => '2017-09-22 15:29:01',
)
[2017-09-22 15:29:10] local.INFO: array (
  'remote_ip' => '10.10.81.112',
  'remote_port' => 45154,
  'connect_time' => '2017-09-22 15:29:10',
)
[2017-09-22 15:29:30] local.INFO: array (
  'remote_ip' => '10.10.81.112',
  'remote_port' => 45158,
  'connect_time' => '2017-09-22 15:29:16',
)
[2017-09-22 15:29:30] local.INFO: array (
  'remote_ip' => '10.10.81.112',
  'remote_port' => 45160,
  'connect_time' => '2017-09-22 15:29:16',
)
[2017-09-22 15:29:50] local.INFO: array (
  'remote_ip' => '10.10.81.112',
  'remote_port' => 45162,
  'connect_time' => '2017-09-22 15:29:46',
)
[2017-09-22 15:29:50] local.INFO: array (
  'remote_ip' => '10.10.81.112',
  'remote_port' => 45164,
  'connect_time' => '2017-09-22 15:29:46',
)
[2017-09-22 15:30:10] local.INFO: array (
  'remote_ip' => '10.10.81.112',
  'remote_port' => 45170,
  'connect_time' => '2017-09-22 15:30:01',
)
[2017-09-22 15:30:10] local.INFO: array (
  'remote_ip' => '10.10.81.112',
  'remote_port' => 45172,
  'connect_time' => '2017-09-22 15:30:01',
)
[2017-09-22 15:30:30] local.INFO: array (
  'remote_ip' => '10.10.81.112',
  'remote_port' => 45177,
  'connect_time' => '2017-09-22 15:30:16',
)
[2017-09-22 15:30:31] local.INFO: array (
  'remote_ip' => '10.10.81.112',
  'remote_port' => 45179,
  'connect_time' => '2017-09-22 15:30:30',
)
[2017-09-22 15:30:51] local.INFO: array (
  'remote_ip' => '10.10.81.112',
  'remote_port' => 45181,
  'connect_time' => '2017-09-22 15:30:46',
)
[2017-09-22 15:30:51] local.INFO: array (
  'remote_ip' => '10.10.81.112',
  'remote_port' => 45183,
  'connect_time' => '2017-09-22 15:30:46',
)
[2017-09-22 15:31:11] local.INFO: array (
  'remote_ip' => '10.10.81.112',
  'remote_port' => 45189,
  'connect_time' => '2017-09-22 15:31:01',
)
[2017-09-22 15:31:11] local.INFO: array (
  'remote_ip' => '10.10.81.112',
  'remote_port' => 45191,
  'connect_time' => '2017-09-22 15:31:01',
)
[2017-09-22 15:31:31] local.INFO: array (
  'remote_ip' => '10.10.81.112',
  'remote_port' => 45195,
  'connect_time' => '2017-09-22 15:31:31',
)
[2017-09-22 15:31:31] local.INFO: array (
  'remote_ip' => '10.10.81.112',
  'remote_port' => 45197,
  'connect_time' => '2017-09-22 15:31:31',
)
[2017-09-22 15:31:51] local.INFO: array (
  'remote_ip' => '10.10.81.112',
  'remote_port' => 45200,
  'connect_time' => '2017-09-22 15:31:46',
)
[2017-09-22 15:31:51] local.INFO: array (
  'remote_ip' => '10.10.81.112',
  'remote_port' => 45202,
  'connect_time' => '2017-09-22 15:31:46',
)
[2017-09-22 15:32:12] local.INFO: array (
  'remote_ip' => '10.10.81.112',
  'remote_port' => 45205,
  'connect_time' => '2017-09-22 15:32:01',
)
[2017-09-22 15:32:12] local.INFO: array (
  'remote_ip' => '10.10.81.112',
  'remote_port' => 45207,
  'connect_time' => '2017-09-22 15:32:12',
)
[2017-09-22 15:32:32] local.INFO: array (
  'remote_ip' => '10.10.81.112',
  'remote_port' => 45213,
  'connect_time' => '2017-09-22 15:32:31',
)
[2017-09-22 15:32:32] local.INFO: array (
  'remote_ip' => '10.10.81.112',
  'remote_port' => 45215,
  'connect_time' => '2017-09-22 15:32:31',
)
[2017-09-22 15:32:52] local.INFO: array (
  'remote_ip' => '10.10.81.112',
  'remote_port' => 45217,
  'connect_time' => '2017-09-22 15:32:46',
)
[2017-09-22 15:32:52] local.INFO: array (
  'remote_ip' => '10.10.81.112',
  'remote_port' => 45219,
  'connect_time' => '2017-09-22 15:32:46',
)
[2017-09-22 15:33:12] local.INFO: array (
  'remote_ip' => '10.10.81.112',
  'remote_port' => 45223,
  'connect_time' => '2017-09-22 15:33:01',
)
[2017-09-22 15:33:13] local.INFO: array (
  'remote_ip' => '10.10.81.112',
  'remote_port' => 45225,
  'connect_time' => '2017-09-22 15:33:01',
)
[2017-09-22 15:33:33] local.INFO: array (
  'remote_ip' => '10.10.81.112',
  'remote_port' => 45231,
  'connect_time' => '2017-09-22 15:33:31',
)
[2017-09-22 15:33:34] local.INFO: array (
  'remote_ip' => '10.10.81.112',
  'remote_port' => 45233,
  'connect_time' => '2017-09-22 15:33:31',
)
[2017-09-22 15:33:54] local.INFO: array (
  'remote_ip' => '10.10.81.112',
  'remote_port' => 45235,
  'connect_time' => '2017-09-22 15:33:46',
)
[2017-09-22 15:33:54] local.INFO: array (
  'remote_ip' => '10.10.81.112',
  'remote_port' => 45237,
  'connect_time' => '2017-09-22 15:33:46',
)
[2017-09-22 15:34:14] local.INFO: array (
  'remote_ip' => '10.10.81.112',
  'remote_port' => 45241,
  'connect_time' => '2017-09-22 15:34:01',
)
[2017-09-22 15:34:14] local.INFO: array (
  'remote_ip' => '10.10.81.112',
  'remote_port' => 45243,
  'connect_time' => '2017-09-22 15:34:01',
)
[2017-09-22 15:34:35] local.INFO: array (
  'remote_ip' => '10.10.81.112',
  'remote_port' => 45249,
  'connect_time' => '2017-09-22 15:34:31',
)
[2017-09-22 15:34:35] local.INFO: array (
  'remote_ip' => '10.10.81.112',
  'remote_port' => 45251,
  'connect_time' => '2017-09-22 15:34:31',
)
[2017-09-22 15:34:55] local.INFO: array (
  'remote_ip' => '10.10.81.112',
  'remote_port' => 45253,
  'connect_time' => '2017-09-22 15:34:46',
)
[2017-09-22 15:34:55] local.INFO: array (
  'remote_ip' => '10.10.81.112',
  'remote_port' => 45255,
  'connect_time' => '2017-09-22 15:34:55',
)
[2017-09-22 15:35:15] local.INFO: array (
  'remote_ip' => '10.10.81.112',
  'remote_port' => 45259,
  'connect_time' => '2017-09-22 15:35:01',
)
[2017-09-22 15:35:15] local.INFO: array (
  'remote_ip' => '10.10.81.112',
  'remote_port' => 45261,
  'connect_time' => '2017-09-22 15:35:01',
)
[2017-09-22 15:35:35] local.INFO: array (
  'remote_ip' => '10.10.81.112',
  'remote_port' => 45267,
  'connect_time' => '2017-09-22 15:35:31',
)
[2017-09-22 15:35:35] local.INFO: array (
  'remote_ip' => '10.10.81.112',
  'remote_port' => 45269,
  'connect_time' => '2017-09-22 15:35:31',
)
[2017-09-22 15:35:55] local.INFO: array (
  'remote_ip' => '10.10.81.112',
  'remote_port' => 45272,
  'connect_time' => '2017-09-22 15:35:46',
)
[2017-09-22 15:35:56] local.INFO: array (
  'remote_ip' => '10.10.81.112',
  'remote_port' => 45274,
  'connect_time' => '2017-09-22 15:35:46',
)
[2017-09-22 15:36:16] local.INFO: array (
  'remote_ip' => '10.10.81.112',
  'remote_port' => 45278,
  'connect_time' => '2017-09-22 15:36:16',
)
[2017-09-22 15:36:16] local.INFO: array (
  'remote_ip' => '10.10.81.112',
  'remote_port' => 45280,
  'connect_time' => '2017-09-22 15:36:16',
)
[2017-09-22 15:36:36] local.INFO: array (
  'remote_ip' => '10.10.81.112',
  'remote_port' => 45285,
  'connect_time' => '2017-09-22 15:36:31',
)
[2017-09-22 15:36:36] local.INFO: array (
  'remote_ip' => '10.10.81.112',
  'remote_port' => 45287,
  'connect_time' => '2017-09-22 15:36:31',
)
[2017-09-22 15:36:57] local.INFO: array (
  'remote_ip' => '10.10.81.112',
  'remote_port' => 45290,
  'connect_time' => '2017-09-22 15:36:46',
)
[2017-09-22 15:36:57] local.INFO: array (
  'remote_ip' => '10.10.81.112',
  'remote_port' => 45292,
  'connect_time' => '2017-09-22 15:36:46',
)
[2017-09-22 15:37:17] local.INFO: array (
  'remote_ip' => '10.10.81.112',
  'remote_port' => 45296,
  'connect_time' => '2017-09-22 15:37:16',
)
[2017-09-22 15:37:17] local.INFO: array (
  'remote_ip' => '10.10.81.112',
  'remote_port' => 45298,
  'connect_time' => '2017-09-22 15:37:16',
)
[2017-09-22 15:37:38] local.INFO: array (
  'remote_ip' => '10.10.81.112',
  'remote_port' => 45302,
  'connect_time' => '2017-09-22 15:37:31',
)
[2017-09-22 15:37:38] local.INFO: array (
  'remote_ip' => '10.10.81.112',
  'remote_port' => 45305,
  'connect_time' => '2017-09-22 15:37:31',
)
[2017-09-22 15:37:58] local.INFO: array (
  'remote_ip' => '10.10.81.112',
  'remote_port' => 45308,
  'connect_time' => '2017-09-22 15:37:46',
)
[2017-09-22 15:37:58] local.INFO: array (
  'remote_ip' => '10.10.81.112',
  'remote_port' => 45310,
  'connect_time' => '2017-09-22 15:37:46',
)
[2017-09-22 15:38:18] local.INFO: array (
  'remote_ip' => '10.10.81.112',
  'remote_port' => 45313,
  'connect_time' => '2017-09-22 15:38:16',
)
[2017-09-22 15:38:18] local.INFO: array (
  'remote_ip' => '10.10.81.112',
  'remote_port' => 45315,
  'connect_time' => '2017-09-22 15:38:16',
)
[2017-09-22 15:38:38] local.INFO: array (
  'remote_ip' => '10.10.81.112',
  'remote_port' => 45319,
  'connect_time' => '2017-09-22 15:38:31',
)
[2017-09-22 15:38:38] local.INFO: array (
  'remote_ip' => '10.10.81.112',
  'remote_port' => 45321,
  'connect_time' => '2017-09-22 15:38:31',
)
[2017-09-22 15:38:58] local.INFO: array (
  'remote_ip' => '10.10.81.112',
  'remote_port' => 45326,
  'connect_time' => '2017-09-22 15:38:46',
)
[2017-09-22 15:38:59] local.INFO: array (
  'remote_ip' => '10.10.81.112',
  'remote_port' => 45328,
  'connect_time' => '2017-09-22 15:38:46',
)
[2017-09-22 15:39:19] local.INFO: array (
  'remote_ip' => '10.10.81.112',
  'remote_port' => 45330,
  'connect_time' => '2017-09-22 15:39:16',
)
[2017-09-22 15:39:19] local.INFO: array (
  'remote_ip' => '10.10.81.112',
  'remote_port' => 45332,
  'connect_time' => '2017-09-22 15:39:19',
)
[2017-09-22 15:39:39] local.INFO: array (
  'remote_ip' => '10.10.81.112',
  'remote_port' => 45337,
  'connect_time' => '2017-09-22 15:39:31',
)
[2017-09-22 15:39:39] local.INFO: array (
  'remote_ip' => '10.10.81.112',
  'remote_port' => 45339,
  'connect_time' => '2017-09-22 15:39:31',
)
[2017-09-22 15:40:00] local.INFO: array (
  'remote_ip' => '10.10.81.112',
  'remote_port' => 45344,
  'connect_time' => '2017-09-22 15:39:46',
)
[2017-09-22 15:40:00] local.INFO: array (
  'remote_ip' => '10.10.81.112',
  'remote_port' => 45346,
  'connect_time' => '2017-09-22 15:39:46',
)
[2017-09-22 15:40:20] local.INFO: array (
  'remote_ip' => '10.10.81.112',
  'remote_port' => 45348,
  'connect_time' => '2017-09-22 15:40:16',
)
[2017-09-22 15:40:20] local.INFO: array (
  'remote_ip' => '10.10.81.112',
  'remote_port' => 45350,
  'connect_time' => '2017-09-22 15:40:16',
)
[2017-09-22 15:40:40] local.INFO: array (
  'remote_ip' => '10.10.81.112',
  'remote_port' => 45356,
  'connect_time' => '2017-09-22 15:40:31',
)
[2017-09-22 15:40:40] local.INFO: array (
  'remote_ip' => '10.10.81.112',
  'remote_port' => 45358,
  'connect_time' => '2017-09-22 15:40:31',
)
[2017-09-22 15:41:00] local.INFO: array (
  'remote_ip' => '10.10.81.112',
  'remote_port' => 45363,
  'connect_time' => '2017-09-22 15:40:46',
)
[2017-09-22 15:41:00] local.INFO: array (
  'remote_ip' => '10.10.81.112',
  'remote_port' => 45365,
  'connect_time' => '2017-09-22 15:40:46',
)
[2017-09-22 15:41:20] local.INFO: array (
  'remote_ip' => '10.10.81.112',
  'remote_port' => 45367,
  'connect_time' => '2017-09-22 15:41:16',
)
[2017-09-22 15:41:21] local.INFO: array (
  'remote_ip' => '10.10.81.112',
  'remote_port' => 45369,
  'connect_time' => '2017-09-22 15:41:16',
)
[2017-09-22 15:41:41] local.INFO: array (
  'remote_ip' => '10.10.81.112',
  'remote_port' => 45374,
  'connect_time' => '2017-09-22 15:41:31',
)
[2017-09-22 15:41:41] local.INFO: array (
  'remote_ip' => '10.10.81.112',
  'remote_port' => 45376,
  'connect_time' => '2017-09-22 15:41:31',
)
[2017-09-22 15:42:01] local.INFO: array (
  'remote_ip' => '10.10.81.112',
  'remote_port' => 45381,
  'connect_time' => '2017-09-22 15:41:46',
)
[2017-09-22 15:42:01] local.INFO: array (
  'remote_ip' => '10.10.81.112',
  'remote_port' => 45383,
  'connect_time' => '2017-09-22 15:42:01',
)
[2017-09-22 15:42:21] local.INFO: array (
  'remote_ip' => '10.10.81.112',
  'remote_port' => 45385,
  'connect_time' => '2017-09-22 15:42:16',
)
[2017-09-22 15:42:22] local.INFO: array (
  'remote_ip' => '10.10.81.112',
  'remote_port' => 45387,
  'connect_time' => '2017-09-22 15:42:16',
)
[2017-09-22 15:42:42] local.INFO: array (
  'remote_ip' => '10.10.81.112',
  'remote_port' => 45390,
  'connect_time' => '2017-09-22 15:42:31',
)
[2017-09-22 15:42:42] local.INFO: array (
  'remote_ip' => '10.10.81.112',
  'remote_port' => 45392,
  'connect_time' => '2017-09-22 15:42:31',
)
[2017-09-22 15:43:02] local.INFO: array (
  'remote_ip' => '10.10.81.112',
  'remote_port' => 45399,
  'connect_time' => '2017-09-22 15:43:01',
)
[2017-09-22 15:43:02] local.INFO: array (
  'remote_ip' => '10.10.81.112',
  'remote_port' => 45401,
  'connect_time' => '2017-09-22 15:43:01',
)
[2017-09-22 15:43:22] local.INFO: array (
  'remote_ip' => '10.10.81.112',
  'remote_port' => 45402,
  'connect_time' => '2017-09-22 15:43:16',
)
[2017-09-22 15:43:22] local.INFO: array (
  'remote_ip' => '10.10.81.112',
  'remote_port' => 45404,
  'connect_time' => '2017-09-22 15:43:22',
)
[2017-09-22 15:43:42] local.INFO: array (
  'remote_ip' => '10.10.81.112',
  'remote_port' => 45408,
  'connect_time' => '2017-09-22 15:43:31',
)
[2017-09-22 15:43:43] local.INFO: array (
  'remote_ip' => '10.10.81.112',
  'remote_port' => 45410,
  'connect_time' => '2017-09-22 15:43:42',
)
[2017-09-22 15:44:03] local.INFO: array (
  'remote_ip' => '10.10.81.112',
  'remote_port' => 45417,
  'connect_time' => '2017-09-22 15:44:01',
)
[2017-09-22 15:44:03] local.INFO: array (
  'remote_ip' => '10.10.81.112',
  'remote_port' => 45419,
  'connect_time' => '2017-09-22 15:44:01',
)
[2017-09-22 15:44:23] local.INFO: array (
  'remote_ip' => '10.10.81.112',
  'remote_port' => 45420,
  'connect_time' => '2017-09-22 15:44:16',
)
[2017-09-22 15:44:23] local.INFO: array (
  'remote_ip' => '10.10.81.112',
  'remote_port' => 45422,
  'connect_time' => '2017-09-22 15:44:16',
)
[2017-09-22 15:44:43] local.INFO: array (
  'remote_ip' => '10.10.81.112',
  'remote_port' => 45426,
  'connect_time' => '2017-09-22 15:44:31',
)
[2017-09-22 15:44:43] local.INFO: array (
  'remote_ip' => '10.10.81.112',
  'remote_port' => 45428,
  'connect_time' => '2017-09-22 15:44:31',
)
[2017-09-22 15:45:03] local.INFO: array (
  'remote_ip' => '10.10.81.112',
  'remote_port' => 45434,
  'connect_time' => '2017-09-22 15:45:01',
)
[2017-09-22 15:45:03] local.INFO: array (
  'remote_ip' => '10.10.81.112',
  'remote_port' => 45437,
  'connect_time' => '2017-09-22 15:45:03',
)
[2017-09-22 15:45:24] local.INFO: array (
  'remote_ip' => '10.10.81.112',
  'remote_port' => 45438,
  'connect_time' => '2017-09-22 15:45:16',
)
[2017-09-22 15:45:24] local.INFO: array (
  'remote_ip' => '10.10.81.112',
  'remote_port' => 45440,
  'connect_time' => '2017-09-22 15:45:16',
)
[2017-09-22 15:45:44] local.INFO: array (
  'remote_ip' => '10.10.81.112',
  'remote_port' => 45445,
  'connect_time' => '2017-09-22 15:45:31',
)
[2017-09-22 15:45:44] local.INFO: array (
  'remote_ip' => '10.10.81.112',
  'remote_port' => 45447,
  'connect_time' => '2017-09-22 15:45:44',
)
[2017-09-22 15:46:04] local.INFO: array (
  'remote_ip' => '10.10.81.112',
  'remote_port' => 45453,
  'connect_time' => '2017-09-22 15:46:01',
)
[2017-09-22 15:46:04] local.INFO: array (
  'remote_ip' => '10.10.81.112',
  'remote_port' => 45455,
  'connect_time' => '2017-09-22 15:46:01',
)
[2017-09-22 15:46:24] local.INFO: array (
  'remote_ip' => '10.10.81.112',
  'remote_port' => 45457,
  'connect_time' => '2017-09-22 15:46:16',
)
[2017-09-22 15:46:24] local.INFO: array (
  'remote_ip' => '10.10.81.112',
  'remote_port' => 45459,
  'connect_time' => '2017-09-22 15:46:16',
)
[2017-09-22 15:46:44] local.INFO: array (
  'remote_ip' => '10.10.81.112',
  'remote_port' => 45463,
  'connect_time' => '2017-09-22 15:46:31',
)
[2017-09-22 15:46:44] local.INFO: array (
  'remote_ip' => '10.10.81.112',
  'remote_port' => 45465,
  'connect_time' => '2017-09-22 15:46:44',
)
[2017-09-22 15:47:05] local.INFO: array (
  'remote_ip' => '10.10.81.112',
  'remote_port' => 45470,
  'connect_time' => '2017-09-22 15:47:01',
)
[2017-09-22 15:47:05] local.INFO: array (
  'remote_ip' => '10.10.81.112',
  'remote_port' => 45473,
  'connect_time' => '2017-09-22 15:47:01',
)
[2017-09-22 15:47:25] local.INFO: array (
  'remote_ip' => '10.10.81.112',
  'remote_port' => 45475,
  'connect_time' => '2017-09-22 15:47:16',
)
[2017-09-22 15:47:25] local.INFO: array (
  'remote_ip' => '10.10.81.112',
  'remote_port' => 45477,
  'connect_time' => '2017-09-22 15:47:16',
)
[2017-09-22 15:47:45] local.INFO: array (
  'remote_ip' => '10.10.81.112',
  'remote_port' => 45480,
  'connect_time' => '2017-09-22 15:47:31',
)
[2017-09-22 15:47:45] local.INFO: array (
  'remote_ip' => '10.10.81.112',
  'remote_port' => 45482,
  'connect_time' => '2017-09-22 15:47:45',
)
[2017-09-22 15:48:05] local.INFO: array (
  'remote_ip' => '10.10.81.112',
  'remote_port' => 45487,
  'connect_time' => '2017-09-22 15:48:01',
)
[2017-09-22 15:48:05] local.INFO: array (
  'remote_ip' => '10.10.81.112',
  'remote_port' => 45489,
  'connect_time' => '2017-09-22 15:48:01',
)
[2017-09-22 15:48:25] local.INFO: array (
  'remote_ip' => '10.10.81.112',
  'remote_port' => 45493,
  'connect_time' => '2017-09-22 15:48:16',
)
[2017-09-22 15:48:26] local.INFO: array (
  'remote_ip' => '10.10.81.112',
  'remote_port' => 45495,
  'connect_time' => '2017-09-22 15:48:16',
)
[2017-09-22 15:48:46] local.INFO: array (
  'remote_ip' => '10.10.81.112',
  'remote_port' => 45497,
  'connect_time' => '2017-09-22 15:48:31',
)
[2017-09-22 15:48:46] local.INFO: array (
  'remote_ip' => '10.10.81.112',
  'remote_port' => 45499,
  'connect_time' => '2017-09-22 15:48:31',
)
[2017-09-22 15:49:06] local.INFO: array (
  'remote_ip' => '10.10.81.112',
  'remote_port' => 45505,
  'connect_time' => '2017-09-22 15:49:01',
)
[2017-09-22 15:49:06] local.INFO: array (
  'remote_ip' => '10.10.81.112',
  'remote_port' => 45507,
  'connect_time' => '2017-09-22 15:49:01',
)
[2017-09-22 15:49:26] local.INFO: array (
  'remote_ip' => '10.10.81.112',
  'remote_port' => 45511,
  'connect_time' => '2017-09-22 15:49:16',
)
[2017-09-22 15:49:26] local.INFO: array (
  'remote_ip' => '10.10.81.112',
  'remote_port' => 45513,
  'connect_time' => '2017-09-22 15:49:16',
)
[2017-09-22 15:49:46] local.INFO: array (
  'remote_ip' => '10.10.81.112',
  'remote_port' => 45515,
  'connect_time' => '2017-09-22 15:49:46',
)
[2017-09-22 15:49:46] local.INFO: array (
  'remote_ip' => '10.10.81.112',
  'remote_port' => 45517,
  'connect_time' => '2017-09-22 15:49:46',
)
[2017-09-22 15:50:07] local.INFO: array (
  'remote_ip' => '10.10.81.112',
  'remote_port' => 45523,
  'connect_time' => '2017-09-22 15:50:01',
)
[2017-09-22 15:50:07] local.INFO: array (
  'remote_ip' => '10.10.81.112',
  'remote_port' => 45525,
  'connect_time' => '2017-09-22 15:50:01',
)
[2017-09-22 15:50:27] local.INFO: array (
  'remote_ip' => '10.10.81.112',
  'remote_port' => 45529,
  'connect_time' => '2017-09-22 15:50:16',
)
[2017-09-22 15:50:27] local.INFO: array (
  'remote_ip' => '10.10.81.112',
  'remote_port' => 45531,
  'connect_time' => '2017-09-22 15:50:16',
)
[2017-09-22 15:50:47] local.INFO: array (
  'remote_ip' => '10.10.81.112',
  'remote_port' => 45534,
  'connect_time' => '2017-09-22 15:50:46',
)
[2017-09-22 15:50:48] local.INFO: array (
  'remote_ip' => '10.10.81.112',
  'remote_port' => 45536,
  'connect_time' => '2017-09-22 15:50:46',
)
[2017-09-22 15:51:08] local.INFO: array (
  'remote_ip' => '10.10.81.112',
  'remote_port' => 45542,
  'connect_time' => '2017-09-22 15:51:01',
)
[2017-09-22 15:51:08] local.INFO: array (
  'remote_ip' => '10.10.81.112',
  'remote_port' => 45544,
  'connect_time' => '2017-09-22 15:51:01',
)
[2017-09-22 15:51:28] local.INFO: array (
  'remote_ip' => '10.10.81.112',
  'remote_port' => 45548,
  'connect_time' => '2017-09-22 15:51:16',
)
[2017-09-22 15:51:29] local.INFO: array (
  'remote_ip' => '10.10.81.112',
  'remote_port' => 45550,
  'connect_time' => '2017-09-22 15:51:16',
)
[2017-09-22 15:51:49] local.INFO: array (
  'remote_ip' => '10.10.81.112',
  'remote_port' => 45552,
  'connect_time' => '2017-09-22 15:51:46',
)
[2017-09-22 15:51:49] local.INFO: array (
  'remote_ip' => '10.10.81.112',
  'remote_port' => 45554,
  'connect_time' => '2017-09-22 15:51:46',
)
[2017-09-22 15:52:09] local.INFO: array (
  'remote_ip' => '10.10.81.112',
  'remote_port' => 45558,
  'connect_time' => '2017-09-22 15:52:01',
)
[2017-09-22 15:52:09] local.INFO: array (
  'remote_ip' => '10.10.81.112',
  'remote_port' => 45560,
  'connect_time' => '2017-09-22 15:52:01',
)
[2017-09-22 15:52:29] local.INFO: array (
  'remote_ip' => '10.10.81.112',
  'remote_port' => 45566,
  'connect_time' => '2017-09-22 15:52:16',
)
[2017-09-22 15:52:29] local.INFO: array (
  'remote_ip' => '10.10.81.112',
  'remote_port' => 45568,
  'connect_time' => '2017-09-22 15:52:16',
)
[2017-09-22 15:52:49] local.INFO: array (
  'remote_ip' => '10.10.81.112',
  'remote_port' => 45569,
  'connect_time' => '2017-09-22 15:52:46',
)
[2017-09-22 15:52:49] local.INFO: array (
  'remote_ip' => '10.10.81.112',
  'remote_port' => 45571,
  'connect_time' => '2017-09-22 15:52:46',
)
[2017-09-22 15:53:10] local.INFO: array (
  'remote_ip' => '10.10.81.112',
  'remote_port' => 45576,
  'connect_time' => '2017-09-22 15:53:01',
)
[2017-09-22 15:53:10] local.INFO: array (
  'remote_ip' => '10.10.81.112',
  'remote_port' => 45578,
  'connect_time' => '2017-09-22 15:53:01',
)
[2017-09-22 15:53:30] local.INFO: array (
  'remote_ip' => '10.10.81.112',
  'remote_port' => 45584,
  'connect_time' => '2017-09-22 15:53:16',
)
[2017-09-22 15:53:30] local.INFO: array (
  'remote_ip' => '10.10.81.112',
  'remote_port' => 45586,
  'connect_time' => '2017-09-22 15:53:16',
)
[2017-09-22 15:53:50] local.INFO: array (
  'remote_ip' => '10.10.81.112',
  'remote_port' => 45587,
  'connect_time' => '2017-09-22 15:53:46',
)
[2017-09-22 15:53:50] local.INFO: array (
  'remote_ip' => '10.10.81.112',
  'remote_port' => 45589,
  'connect_time' => '2017-09-22 15:53:46',
)
[2017-09-22 15:54:10] local.INFO: array (
  'remote_ip' => '10.10.81.112',
  'remote_port' => 45594,
  'connect_time' => '2017-09-22 15:54:01',
)
[2017-09-22 15:54:11] local.INFO: array (
  'remote_ip' => '10.10.81.112',
  'remote_port' => 45596,
  'connect_time' => '2017-09-22 15:54:10',
)
[2017-09-22 15:54:31] local.INFO: array (
  'remote_ip' => '10.10.81.112',
  'remote_port' => 45602,
  'connect_time' => '2017-09-22 15:54:31',
)
[2017-09-22 15:54:31] local.INFO: array (
  'remote_ip' => '10.10.81.112',
  'remote_port' => 45604,
  'connect_time' => '2017-09-22 15:54:31',
)
[2017-09-22 15:54:51] local.INFO: array (
  'remote_ip' => '10.10.81.112',
  'remote_port' => 45605,
  'connect_time' => '2017-09-22 15:54:46',
)
[2017-09-22 15:54:51] local.INFO: array (
  'remote_ip' => '10.10.81.112',
  'remote_port' => 45607,
  'connect_time' => '2017-09-22 15:54:46',
)
[2017-09-22 15:55:11] local.INFO: array (
  'remote_ip' => '10.10.81.112',
  'remote_port' => 45612,
  'connect_time' => '2017-09-22 15:55:01',
)
[2017-09-22 15:55:11] local.INFO: array (
  'remote_ip' => '10.10.81.112',
  'remote_port' => 45614,
  'connect_time' => '2017-09-22 15:55:01',
)
[2017-09-22 15:55:32] local.INFO: array (
  'remote_ip' => '10.10.81.112',
  'remote_port' => 45620,
  'connect_time' => '2017-09-22 15:55:31',
)
[2017-09-22 15:55:32] local.INFO: array (
  'remote_ip' => '10.10.81.112',
  'remote_port' => 45622,
  'connect_time' => '2017-09-22 15:55:31',
)
[2017-09-22 15:55:52] local.INFO: array (
  'remote_ip' => '10.10.81.112',
  'remote_port' => 45626,
  'connect_time' => '2017-09-22 15:55:46',
)
[2017-09-22 15:55:52] local.INFO: array (
  'remote_ip' => '10.10.81.112',
  'remote_port' => 45628,
  'connect_time' => '2017-09-22 15:55:46',
)
[2017-09-22 15:56:12] local.INFO: array (
  'remote_ip' => '10.10.81.112',
  'remote_port' => 45632,
  'connect_time' => '2017-09-22 15:56:01',
)
[2017-09-22 15:56:12] local.INFO: array (
  'remote_ip' => '10.10.81.112',
  'remote_port' => 45634,
  'connect_time' => '2017-09-22 15:56:01',
)
[2017-09-22 15:56:32] local.INFO: array (
  'remote_ip' => '10.10.81.112',
  'remote_port' => 45639,
  'connect_time' => '2017-09-22 15:56:31',
)
[2017-09-22 15:56:32] local.INFO: array (
  'remote_ip' => '10.10.81.112',
  'remote_port' => 45641,
  'connect_time' => '2017-09-22 15:56:31',
)
[2017-09-22 15:56:52] local.INFO: array (
  'remote_ip' => '10.10.81.112',
  'remote_port' => 45644,
  'connect_time' => '2017-09-22 15:56:46',
)
[2017-09-22 15:56:53] local.INFO: array (
  'remote_ip' => '10.10.81.112',
  'remote_port' => 45646,
  'connect_time' => '2017-09-22 15:56:46',
)
[2017-09-22 15:57:13] local.INFO: array (
  'remote_ip' => '10.10.81.112',
  'remote_port' => 45650,
  'connect_time' => '2017-09-22 15:57:01',
)
[2017-09-22 15:57:13] local.INFO: array (
  'remote_ip' => '10.10.81.112',
  'remote_port' => 45652,
  'connect_time' => '2017-09-22 15:57:01',
)
[2017-09-22 15:59:05] local.INFO: array (
  'remote_ip' => '10.10.81.112',
  'remote_port' => 45669,
  'connect_time' => '2017-09-22 15:59:01',
)
[2017-09-22 15:59:25] local.INFO: array (
  'remote_ip' => '10.10.81.112',
  'remote_port' => 45692,
  'connect_time' => '2017-09-22 15:59:16',
)
[2017-09-22 15:59:25] local.INFO: array (
  'remote_ip' => '10.10.81.112',
  'remote_port' => 45694,
  'connect_time' => '2017-09-22 15:59:16',
)
[2017-09-22 15:59:45] local.INFO: array (
  'remote_ip' => '10.10.81.112',
  'remote_port' => 45699,
  'connect_time' => '2017-09-22 15:59:31',
)
[2017-09-22 15:59:45] local.INFO: array (
  'remote_ip' => '10.10.81.112',
  'remote_port' => 45701,
  'connect_time' => '2017-09-22 15:59:31',
)
[2017-09-22 16:00:05] local.INFO: array (
  'remote_ip' => '10.10.81.112',
  'remote_port' => 45704,
  'connect_time' => '2017-09-22 16:00:01',
)
[2017-09-22 16:00:05] local.INFO: array (
  'remote_ip' => '10.10.81.112',
  'remote_port' => 45706,
  'connect_time' => '2017-09-22 16:00:05',
)
[2017-09-22 16:16:10] local.INFO: array (
  'remote_ip' => '172.30.72.23',
  'remote_port' => 43752,
  'connect_time' => '2017-09-22 16:16:01',
)
[2017-09-22 16:16:30] local.INFO: array (
  'remote_ip' => '172.30.72.23',
  'remote_port' => 43822,
  'connect_time' => '2017-09-22 16:16:16',
)
[2017-09-22 16:16:56] local.INFO: array (
  'remote_ip' => '172.30.72.23',
  'remote_port' => 43894,
  'connect_time' => '2017-09-22 16:16:46',
)
[2017-09-22 16:17:16] local.INFO: array (
  'remote_ip' => '172.30.72.23',
  'remote_port' => 44061,
  'connect_time' => '2017-09-22 16:17:16',
)
[2017-09-22 16:17:29] local.INFO: array (
  'remote_ip' => '172.30.72.23',
  'remote_port' => 44160,
  'connect_time' => '2017-09-22 16:17:16',
)
[2017-09-22 16:19:31] local.INFO: array (
  'remote_ip' => '172.30.72.23',
  'remote_port' => 44538,
  'connect_time' => '2017-09-22 16:19:16',
)
[2017-09-22 16:20:29] local.INFO: array (
  'remote_ip' => '172.30.72.23',
  'remote_port' => 44615,
  'connect_time' => '2017-09-22 16:20:16',
)
[2017-09-22 16:22:42] local.INFO: array (
  'remote_ip' => '172.30.72.23',
  'remote_port' => 44840,
  'connect_time' => '2017-09-22 16:22:31',
)
[2017-09-22 16:23:03] local.INFO: array (
  'remote_ip' => '172.30.72.23',
  'remote_port' => 44871,
  'connect_time' => '2017-09-22 16:23:01',
)
[2017-09-22 16:23:13] local.INFO: array (
  'remote_ip' => '172.30.72.23',
  'remote_port' => 44888,
  'connect_time' => '2017-09-22 16:23:01',
)
[2017-09-22 16:23:23] local.INFO: array (
  'remote_ip' => '172.30.72.23',
  'remote_port' => 44902,
  'connect_time' => '2017-09-22 16:23:16',
)
[2017-09-22 16:23:33] local.INFO: array (
  'remote_ip' => '172.30.72.23',
  'remote_port' => 44915,
  'connect_time' => '2017-09-22 16:23:31',
)
[2017-09-22 16:23:43] local.INFO: array (
  'remote_ip' => '172.30.72.23',
  'remote_port' => 44927,
  'connect_time' => '2017-09-22 16:23:31',
)
[2017-09-22 16:23:54] local.INFO: array (
  'remote_ip' => '172.30.72.23',
  'remote_port' => 44936,
  'connect_time' => '2017-09-22 16:23:46',
)
[2017-09-22 16:24:04] local.INFO: array (
  'remote_ip' => '172.30.72.23',
  'remote_port' => 44949,
  'connect_time' => '2017-09-22 16:24:01',
)
[2017-09-22 16:24:14] local.INFO: array (
  'remote_ip' => '172.30.72.23',
  'remote_port' => 44959,
  'connect_time' => '2017-09-22 16:24:01',
)
[2017-09-22 16:24:24] local.INFO: array (
  'remote_ip' => '172.30.72.23',
  'remote_port' => 44968,
  'connect_time' => '2017-09-22 16:24:16',
)
[2017-09-22 16:24:34] local.INFO: array (
  'remote_ip' => '172.30.72.23',
  'remote_port' => 44977,
  'connect_time' => '2017-09-22 16:24:31',
)
[2017-09-22 16:24:44] local.INFO: array (
  'remote_ip' => '172.30.72.23',
  'remote_port' => 44990,
  'connect_time' => '2017-09-22 16:24:31',
)
[2017-09-22 16:24:54] local.INFO: array (
  'remote_ip' => '172.30.72.23',
  'remote_port' => 45004,
  'connect_time' => '2017-09-22 16:24:46',
)
[2017-09-22 16:25:05] local.INFO: array (
  'remote_ip' => '172.30.72.23',
  'remote_port' => 45016,
  'connect_time' => '2017-09-22 16:25:01',
)
[2017-09-22 16:25:15] local.INFO: array (
  'remote_ip' => '172.30.72.23',
  'remote_port' => 45029,
  'connect_time' => '2017-09-22 16:25:01',
)
[2017-09-22 16:25:25] local.INFO: array (
  'remote_ip' => '172.30.72.23',
  'remote_port' => 45042,
  'connect_time' => '2017-09-22 16:25:16',
)
[2017-09-22 16:25:35] local.INFO: array (
  'remote_ip' => '172.30.72.23',
  'remote_port' => 45059,
  'connect_time' => '2017-09-22 16:25:31',
)
[2017-09-22 16:25:45] local.INFO: array (
  'remote_ip' => '172.30.72.23',
  'remote_port' => 45076,
  'connect_time' => '2017-09-22 16:25:31',
)
[2017-09-22 16:25:55] local.INFO: array (
  'remote_ip' => '172.30.72.23',
  'remote_port' => 45088,
  'connect_time' => '2017-09-22 16:25:46',
)
[2017-09-22 16:26:05] local.INFO: array (
  'remote_ip' => '172.30.72.23',
  'remote_port' => 45097,
  'connect_time' => '2017-09-22 16:26:01',
)
[2017-09-22 16:26:16] local.INFO: array (
  'remote_ip' => '172.30.72.23',
  'remote_port' => 45109,
  'connect_time' => '2017-09-22 16:26:01',
)
[2017-09-22 16:26:26] local.INFO: array (
  'remote_ip' => '172.30.72.23',
  'remote_port' => 45120,
  'connect_time' => '2017-09-22 16:26:16',
)
[2017-09-22 16:26:36] local.INFO: array (
  'remote_ip' => '172.30.72.23',
  'remote_port' => 45131,
  'connect_time' => '2017-09-22 16:26:31',
)
[2017-09-22 16:26:46] local.INFO: array (
  'remote_ip' => '172.30.72.23',
  'remote_port' => 45143,
  'connect_time' => '2017-09-22 16:26:46',
)
[2017-09-22 16:26:56] local.INFO: array (
  'remote_ip' => '172.30.72.23',
  'remote_port' => 45154,
  'connect_time' => '2017-09-22 16:26:46',
)
[2017-09-22 16:27:07] local.INFO: array (
  'remote_ip' => '172.30.72.23',
  'remote_port' => 45165,
  'connect_time' => '2017-09-22 16:27:01',
)
[2017-09-22 16:27:17] local.INFO: array (
  'remote_ip' => '172.30.72.23',
  'remote_port' => 45179,
  'connect_time' => '2017-09-22 16:27:16',
)
[2017-09-22 16:27:27] local.INFO: array (
  'remote_ip' => '172.30.72.23',
  'remote_port' => 45192,
  'connect_time' => '2017-09-22 16:27:16',
)
[2017-09-22 16:27:37] local.INFO: array (
  'remote_ip' => '172.30.72.23',
  'remote_port' => 45202,
  'connect_time' => '2017-09-22 16:27:31',
)
[2017-09-22 16:27:47] local.INFO: array (
  'remote_ip' => '172.30.72.23',
  'remote_port' => 45212,
  'connect_time' => '2017-09-22 16:27:46',
)
[2017-09-22 16:27:58] local.INFO: array (
  'remote_ip' => '172.30.72.23',
  'remote_port' => 45224,
  'connect_time' => '2017-09-22 16:27:46',
)
[2017-09-22 16:28:08] local.INFO: array (
  'remote_ip' => '172.30.72.23',
  'remote_port' => 45236,
  'connect_time' => '2017-09-22 16:28:01',
)
[2017-09-22 16:28:18] local.INFO: array (
  'remote_ip' => '172.30.72.23',
  'remote_port' => 45277,
  'connect_time' => '2017-09-22 16:28:16',
)
[2017-09-22 16:28:28] local.INFO: array (
  'remote_ip' => '172.30.72.23',
  'remote_port' => 45297,
  'connect_time' => '2017-09-22 16:28:16',
)
[2017-09-22 16:28:38] local.INFO: array (
  'remote_ip' => '172.30.72.23',
  'remote_port' => 45307,
  'connect_time' => '2017-09-22 16:28:31',
)
[2017-09-22 16:28:48] local.INFO: array (
  'remote_ip' => '172.30.72.23',
  'remote_port' => 45323,
  'connect_time' => '2017-09-22 16:28:46',
)
[2017-09-22 16:28:59] local.INFO: array (
  'remote_ip' => '172.30.72.23',
  'remote_port' => 45333,
  'connect_time' => '2017-09-22 16:28:46',
)
[2017-09-22 16:29:09] local.INFO: array (
  'remote_ip' => '172.30.72.23',
  'remote_port' => 45343,
  'connect_time' => '2017-09-22 16:29:01',
)
[2017-09-22 16:29:19] local.INFO: array (
  'remote_ip' => '172.30.72.23',
  'remote_port' => 45357,
  'connect_time' => '2017-09-22 16:29:16',
)
[2017-09-22 16:29:29] local.INFO: array (
  'remote_ip' => '172.30.72.23',
  'remote_port' => 45369,
  'connect_time' => '2017-09-22 16:29:16',
)
[2017-09-22 16:29:33] local.INFO: array (
  'remote_ip' => '10.10.81.112',
  'remote_port' => 46011,
  'connect_time' => '2017-09-22 16:29:31',
)
[2017-09-22 16:29:39] local.INFO: array (
  'remote_ip' => '172.30.72.23',
  'remote_port' => 45381,
  'connect_time' => '2017-09-22 16:29:31',
)
[2017-09-22 16:29:49] local.INFO: array (
  'remote_ip' => '172.30.72.23',
  'remote_port' => 45395,
  'connect_time' => '2017-09-22 16:29:46',
)
[2017-09-22 16:29:53] local.INFO: array (
  'remote_ip' => '10.10.81.112',
  'remote_port' => 46029,
  'connect_time' => '2017-09-22 16:29:46',
)
[2017-09-22 16:30:00] local.INFO: array (
  'remote_ip' => '172.30.72.23',
  'remote_port' => 45407,
  'connect_time' => '2017-09-22 16:29:46',
)
[2017-09-22 16:30:10] local.INFO: array (
  'remote_ip' => '172.30.72.23',
  'remote_port' => 45419,
  'connect_time' => '2017-09-22 16:30:01',
)
[2017-09-22 16:30:13] local.INFO: array (
  'remote_ip' => '10.10.81.112',
  'remote_port' => 46034,
  'connect_time' => '2017-09-22 16:30:01',
)
[2017-09-22 16:30:20] local.INFO: array (
  'remote_ip' => '172.30.72.23',
  'remote_port' => 45430,
  'connect_time' => '2017-09-22 16:30:16',
)
[2017-09-22 16:30:30] local.INFO: array (
  'remote_ip' => '172.30.72.23',
  'remote_port' => 45441,
  'connect_time' => '2017-09-22 16:30:16',
)
[2017-09-22 16:30:33] local.INFO: array (
  'remote_ip' => '10.10.81.112',
  'remote_port' => 46036,
  'connect_time' => '2017-09-22 16:30:31',
)
